<?xml version="1.0" encoding="UTF-8"?>
<testsuite xmlns:xsi="http://www.w3.org/2001/XMLSchema-instance" xsi:noNamespaceSchemaLocation="https://maven.apache.org/surefire/maven-surefire-plugin/xsd/surefire-test-report-3.0.xsd" version="3.0" name="com.example.todolist.AppIntegrationTest" time="0.103" tests="1" errors="0" skipped="0" failures="1">
  <properties>
    <property name="java.specification.version" value="21"/>
    <property name="sun.cpu.isalist" value="amd64"/>
    <property name="sun.jnu.encoding" value="Cp1252"/>
    <property name="java.class.path" value="C:\Users\reeti\OneDrive\Desktop\todolist\target\test-classes;C:\Users\reeti\OneDrive\Desktop\todolist\target\classes;C:\Users\reeti\.m2\repository\junit\junit\4.13.2\junit-4.13.2.jar;C:\Users\reeti\.m2\repository\org\hamcrest\hamcrest-core\1.3\hamcrest-core-1.3.jar;"/>
    <property name="java.vm.vendor" value="Oracle Corporation"/>
    <property name="sun.arch.data.model" value="64"/>
    <property name="user.variant" value=""/>
    <property name="java.vendor.url" value="https://java.oracle.com/"/>
    <property name="user.timezone" value="Asia/Calcutta"/>
    <property name="os.name" value="Windows 11"/>
    <property name="java.vm.specification.version" value="21"/>
    <property name="sun.java.launcher" value="SUN_STANDARD"/>
    <property name="user.country" value="IN"/>
    <property name="sun.boot.library.path" value="C:\Program Files\Java\jdk-21\bin"/>
    <property name="sun.java.command" value="C:\Users\reeti\AppData\Local\Temp\surefire9061512390011947644\surefirebooter-20240417115309995_3.jar C:\Users\reeti\AppData\Local\Temp\surefire9061512390011947644 2024-04-17T11-53-09_643-jvmRun1 surefire-20240417115309995_1tmp surefire_0-20240417115309995_2tmp"/>
    <property name="jdk.debug" value="release"/>
    <property name="surefire.test.class.path" value="C:\Users\reeti\OneDrive\Desktop\todolist\target\test-classes;C:\Users\reeti\OneDrive\Desktop\todolist\target\classes;C:\Users\reeti\.m2\repository\junit\junit\4.13.2\junit-4.13.2.jar;C:\Users\reeti\.m2\repository\org\hamcrest\hamcrest-core\1.3\hamcrest-core-1.3.jar;"/>
    <property name="sun.cpu.endian" value="little"/>
    <property name="user.home" value="C:\Users\reeti"/>
    <property name="user.language" value="en"/>
    <property name="java.specification.vendor" value="Oracle Corporation"/>
    <property name="java.version.date" value="2024-01-16"/>
    <property name="java.home" value="C:\Program Files\Java\jdk-21"/>
    <property name="file.separator" value="\"/>
    <property name="basedir" value="C:\Users\reeti\OneDrive\Desktop\todolist"/>
    <property name="java.vm.compressedOopsMode" value="Zero based"/>
    <property name="line.separator" value="&#10;"/>
    <property name="java.vm.specification.vendor" value="Oracle Corporation"/>
    <property name="java.specification.name" value="Java Platform API Specification"/>
    <property name="surefire.real.class.path" value="C:\Users\reeti\AppData\Local\Temp\surefire9061512390011947644\surefirebooter-20240417115309995_3.jar"/>
    <property name="user.script" value=""/>
    <property name="sun.management.compiler" value="HotSpot 64-Bit Tiered Compilers"/>
    <property name="java.runtime.version" value="21.0.2+13-LTS-58"/>
    <property name="user.name" value="reeti"/>
    <property name="stdout.encoding" value="Cp1252"/>
    <property name="path.separator" value=";"/>
    <property name="os.version" value="10.0"/>
    <property name="java.runtime.name" value="Java(TM) SE Runtime Environment"/>
    <property name="file.encoding" value="UTF-8"/>
    <property name="java.vm.name" value="Java HotSpot(TM) 64-Bit Server VM"/>
    <property name="localRepository" value="C:\Users\reeti\.m2\repository"/>
    <property name="java.vendor.url.bug" value="https://bugreport.java.com/bugreport/"/>
    <property name="java.io.tmpdir" value="C:\Users\reeti\AppData\Local\Temp\"/>
    <property name="java.version" value="21.0.2"/>
    <property name="user.dir" value="C:\Users\reeti\OneDrive\Desktop\todolist"/>
    <property name="os.arch" value="amd64"/>
    <property name="java.vm.specification.name" value="Java Virtual Machine Specification"/>
    <property name="sun.os.patch.level" value=""/>
    <property name="native.encoding" value="Cp1252"/>
    <property name="java.library.path" value="C:\Program Files\Java\jdk-21\bin;C:\WINDOWS\Sun\Java\bin;C:\WINDOWS\system32;C:\WINDOWS;C:\Program Files (x86)\VMware\VMware Workstation\bin\;C:\Program Files\Common Files\Oracle\Java\javapath;C:\Program Files (x86)\Common Files\Oracle\Java\javapath;C:\WINDOWS\system32;C:\WINDOWS;C:\WINDOWS\System32\Wbem;C:\WINDOWS\System32\WindowsPowerShell\v1.0\;C:\WINDOWS\System32\OpenSSH\;C:\Program Files\Git\cmd;C:\Program Files\Docker\Docker\resources\bin;C:\Program Files\nodejs\;C:\Program Files (x86)\Microsoft SQL Server\160\Tools\Binn\;C:\Program Files\Microsoft SQL Server\160\Tools\Binn\;C:\Program Files\Microsoft SQL Server\Client SDK\ODBC\170\Tools\Binn\;C:\Program Files\Microsoft SQL Server\160\DTS\Binn\;C:\Users\reeti\Downloads\php-8.3.0-Win32-vs16-x64;C:\Program Files\PuTTY\;C:\Program Files\Amazon\AWSCLIV2\;C:\msys64\mingw64\bin;;C:\Program Files\HP\HP One Agent;C:\Program Files\MySQL\MySQL Shell 8.0\bin\;C:\Users\reeti\AppData\Local\Microsoft\WindowsApps;C:\Users\reeti\AppData\Local\Programs\Microsoft VS Code\bin;C:\Users\reeti\AppData\Local\GitHubDesktop\bin;C:\Users\reeti\AppData\Roaming\npm;C:\Users\reeti\Downloads\apache-maven-3.9.6-bin\apache-maven-3.9.6\bin;;."/>
    <property name="java.vm.info" value="mixed mode, sharing"/>
    <property name="stderr.encoding" value="Cp1252"/>
    <property name="java.vendor" value="Oracle Corporation"/>
    <property name="java.vm.version" value="21.0.2+13-LTS-58"/>
    <property name="sun.io.unicode.encoding" value="UnicodeLittle"/>
    <property name="java.class.version" value="65.0"/>
  </properties>
  <testcase name="testAppIntegration" classname="com.example.todolist.AppIntegrationTest" time="0.026">
    <failure message="expected:&lt;...st Application =====[&#10;1. Add Task&#10;2. Mark Task as Completed&#10;3. Update Task&#10;4. Delete Task&#10;5. View Tasks&#10;6. Exit&#10;Enter your choice: Enter task title: Enter task description: Task added successfully.&#10;Tasks:&#10;Task 1: Sample Task&#10;Description: Description&#10;Completed: No&#10;&#10;===== To-Do List Application =====&#10;1. Add Task&#10;2. Mark Task as Completed&#10;3. Update Task&#10;4. Delete Task&#10;5. View Tasks&#10;6. Exit&#10;Enter your choice: Exiting...]&#10;&gt; but was:&lt;...st Application =====[&#10;1. Add Task&#10;2. Mark Task as Completed&#10;3. Update Task&#10;4. Delete Task&#10;5. View Tasks&#10;6. Exit&#10;Enter your choice: Enter task title: Enter task description: Task added successfully.&#10;===== To-Do List Application =====&#10;1. Add Task&#10;2. Mark Task as Completed&#10;3. Update Task&#10;4. Delete Task&#10;5. View Tasks&#10;6. Exit&#10;Enter your choice: Enter the index of the task to mark as completed: Task marked as completed.&#10;===== To-Do List Application =====&#10;1. Add Task&#10;2. Mark Task as Completed&#10;3. Update Task&#10;4. Delete Task&#10;5. View Tasks&#10;6. Exit&#10;Enter your choice: Enter the index of the task to update: Enter updated task title: Enter updated task description: Task updated successfully.&#10;===== To-Do List Application =====&#10;1. Add Task&#10;2. Mark Task as Completed&#10;3. Update Task&#10;4. Delete Task&#10;5. View Tasks&#10;6. Exit&#10;Enter your choice: Enter the index of the task to delete: Task deleted successfully.&#10;===== To-Do List Application =====&#10;1. Add Task&#10;2. Mark Task as Completed&#10;3. Update Task&#10;4. Delete Task&#10;5. View Tasks&#10;6. Exit&#10;Enter your choice: Tasks:&#10;Task 1: Sample Task&#10;Description: Description&#10;Completed: No&#10;&#10;===== To-Do List Application =====&#10;1. Add Task&#10;2. Mark Task as Completed&#10;3. Update Task&#10;4. Delete Task&#10;5. View Tasks&#10;6. Exit&#10;Enter your choice: Exiting...&#13;]&#10;&gt;" type="org.junit.ComparisonFailure"><![CDATA[org.junit.ComparisonFailure: 
expected:<...st Application =====[
1. Add Task
2. Mark Task as Completed
3. Update Task
4. Delete Task
5. View Tasks
6. Exit
Enter your choice: Enter task title: Enter task description: Task added successfully.
Tasks:
Task 1: Sample Task
Description: Description
Completed: No

===== To-Do List Application =====
1. Add Task
2. Mark Task as Completed
3. Update Task
4. Delete Task
5. View Tasks
6. Exit
Enter your choice: Exiting...]
> but was:<...st Application =====[
1. Add Task
2. Mark Task as Completed
3. Update Task
4. Delete Task
5. View Tasks
6. Exit
Enter your choice: Enter task title: Enter task description: Task added successfully.
===== To-Do List Application =====
1. Add Task
2. Mark Task as Completed
3. Update Task
4. Delete Task
5. View Tasks
6. Exit
Enter your choice: Enter the index of the task to mark as completed: Task marked as completed.
===== To-Do List Application =====
1. Add Task
2. Mark Task as Completed
3. Update Task
4. Delete Task
5. View Tasks
6. Exit
Enter your choice: Enter the index of the task to update: Enter updated task title: Enter updated task description: Task updated successfully.
===== To-Do List Application =====
1. Add Task
2. Mark Task as Completed
3. Update Task
4. Delete Task
5. View Tasks
6. Exit
Enter your choice: Enter the index of the task to delete: Task deleted successfully.
===== To-Do List Application =====
1. Add Task
2. Mark Task as Completed
3. Update Task
4. Delete Task
5. View Tasks
6. Exit
Enter your choice: Tasks:
Task 1: Sample Task
Description: Description
Completed: No

===== To-Do List Application =====
1. Add Task
2. Mark Task as Completed
3. Update Task
4. Delete Task
5. View Tasks
6. Exit
Enter your choice: Exiting...]
>
	at org.junit.Assert.assertEquals(Assert.java:117)
	at org.junit.Assert.assertEquals(Assert.java:146)
	at com.example.todolist.AppIntegrationTest.testAppIntegration(AppIntegrationTest.java:63)
	at java.base/jdk.internal.reflect.DirectMethodHandleAccessor.invoke(DirectMethodHandleAccessor.java:103)
	at java.base/java.lang.reflect.Method.invoke(Method.java:580)
	at org.junit.runners.model.FrameworkMethod$1.runReflectiveCall(FrameworkMethod.java:59)
	at org.junit.internal.runners.model.ReflectiveCallable.run(ReflectiveCallable.java:12)
	at org.junit.runners.model.FrameworkMethod.invokeExplosively(FrameworkMethod.java:56)
	at org.junit.internal.runners.statements.InvokeMethod.evaluate(InvokeMethod.java:17)
	at org.junit.internal.runners.statements.RunBefores.evaluate(RunBefores.java:26)
	at org.junit.internal.runners.statements.RunAfters.evaluate(RunAfters.java:27)
	at org.junit.runners.ParentRunner$3.evaluate(ParentRunner.java:306)
	at org.junit.runners.BlockJUnit4ClassRunner$1.evaluate(BlockJUnit4ClassRunner.java:100)
	at org.junit.runners.ParentRunner.runLeaf(ParentRunner.java:366)
	at org.junit.runners.BlockJUnit4ClassRunner.runChild(BlockJUnit4ClassRunner.java:103)
	at org.junit.runners.BlockJUnit4ClassRunner.runChild(BlockJUnit4ClassRunner.java:63)
	at org.junit.runners.ParentRunner$4.run(ParentRunner.java:331)
	at org.junit.runners.ParentRunner$1.schedule(ParentRunner.java:79)
	at org.junit.runners.ParentRunner.runChildren(ParentRunner.java:329)
	at org.junit.runners.ParentRunner.access$100(ParentRunner.java:66)
	at org.junit.runners.ParentRunner$2.evaluate(ParentRunner.java:293)
	at org.junit.runners.ParentRunner$3.evaluate(ParentRunner.java:306)
	at org.junit.runners.ParentRunner.run(ParentRunner.java:413)
	at org.apache.maven.surefire.junit4.JUnit4Provider.execute(JUnit4Provider.java:316)
	at org.apache.maven.surefire.junit4.JUnit4Provider.executeWithRerun(JUnit4Provider.java:240)
	at org.apache.maven.surefire.junit4.JUnit4Provider.executeTestSet(JUnit4Provider.java:214)
	at org.apache.maven.surefire.junit4.JUnit4Provider.invoke(JUnit4Provider.java:155)
	at org.apache.maven.surefire.booter.ForkedBooter.runSuitesInProcess(ForkedBooter.java:385)
	at org.apache.maven.surefire.booter.ForkedBooter.execute(ForkedBooter.java:162)
	at org.apache.maven.surefire.booter.ForkedBooter.run(ForkedBooter.java:507)
	at org.apache.maven.surefire.booter.ForkedBooter.main(ForkedBooter.java:495)
]]></failure>
  </testcase>
</testsuite>